<?xml version="1.0" encoding="UTF-8"?>
<!-- Generated by org.testng.reporters.JUnitReportReporter -->
<testsuite skipped="0" hostname="user-PC" name="loginelite.NewTest" tests="1" failures="0" timestamp="07 Aug 2019 09:07:17 GMT" time="4.838" errors="0">
  <testcase name="firstTest" time="4.838" classname="loginelite.NewTest"/>
</testsuite> <!-- loginelite.NewTest -->
